<?xml version="1.0" encoding="utf-8"?><testsuites name="pytest tests"><testsuite name="pytest" errors="0" failures="0" skipped="0" tests="13" time="0.840" timestamp="2026-05-02T10:46:29.884429+00:00" hostname="agent-env-193ef90b-7e47-4c50-92be-581da6b06adf"><testcase classname="tests.test_admin" name="test_admin_me_403_for_non_admin" time="0.262" /><testcase classname="tests.test_admin" name="test_admin_me_200_for_admin" time="0.233" /><testcase classname="tests.test_admin" name="test_admin_stats_shape" time="0.004" /><testcase classname="tests.test_admin" name="test_admin_users_list_no_password_hash" time="0.003" /><testcase classname="tests.test_admin" name="test_admin_users_search_filter" time="0.003" /><testcase classname="tests.test_admin" name="test_admin_update_user_plan_essentiel_alias" time="0.240" /><testcase classname="tests.test_admin" name="test_admin_update_user_plan_404" time="0.003" /><testcase classname="tests.test_admin" name="test_admin_update_user_plan_400" time="0.002" /><testcase classname="tests.test_admin" name="test_admin_promo_crud_full_cycle" time="0.020" /><testcase classname="tests.test_admin" name="test_admin_transactions_list" time="0.003" /><testcase classname="tests.test_admin" name="test_webhook_checkout_session_completed" time="0.002" /><testcase classname="tests.test_admin" name="test_webhook_invoice_payment_succeeded" time="0.002" /><testcase classname="tests.test_admin" name="test_webhook_subscription_deleted" time="0.002" /></testsuite></testsuites>