<?xml version="1.0" encoding="utf-8"?><testsuites name="pytest tests"><testsuite name="pytest" errors="0" failures="0" skipped="0" tests="8" time="7.222" timestamp="2026-01-23T11:14:47.783923+00:00" hostname="agent-env-d222a2b8-7c4a-4c85-862d-415daa23cc5f"><testcase classname="backend.tests.test_bug_fixes.TestBugC_DocxUploadPreservesSize" name="test_docx_upload_preserves_size" time="1.319" /><testcase classname="backend.tests.test_bug_fixes.TestBugC_DocxUploadPreservesSize" name="test_download_returns_identical_file" time="0.490" /><testcase classname="backend.tests.test_bug_fixes.TestBugC_DocxUploadPreservesSize" name="test_empty_file_rejected_with_400" time="0.461" /><testcase classname="backend.tests.test_bug_fixes.TestBugB_DuplicateDetection" name="test_duplicate_upload_returns_409_with_details" time="1.463" /><testcase classname="backend.tests.test_bug_fixes.TestBugB_DuplicateDetection" name="test_force_upload_allows_duplicate" time="0.573" /><testcase classname="backend.tests.test_bug_fixes.TestBugA_PreviewInValidation" name="test_preview_endpoint_exists_for_docx" time="0.869" /><testcase classname="backend.tests.test_bug_fixes.TestBugA_PreviewInValidation" name="test_file_download_endpoint_works" time="0.782" /><testcase classname="backend.tests.test_bug_fixes.TestCleanup" name="test_cleanup_test_pieces" time="1.214" /></testsuite></testsuites>