<?xml version="1.0" encoding="utf-8"?><testsuites name="pytest tests"><testsuite name="pytest" errors="0" failures="0" skipped="0" tests="11" time="18.336" timestamp="2026-01-23T09:57:35.677935+00:00" hostname="agent-env-d222a2b8-7c4a-4c85-862d-415daa23cc5f"><testcase classname="backend.tests.test_phase4_features.TestAuthSetup" name="test_register_or_login" time="1.174" /><testcase classname="backend.tests.test_phase4_features.TestP0FileDownloadAuth" name="test_file_download_with_auth" time="1.843" /><testcase classname="backend.tests.test_phase4_features.TestP0FileDownloadAuth" name="test_file_download_without_auth" time="0.454" /><testcase classname="backend.tests.test_phase4_features.TestP0FileDownloadAuth" name="test_preview_with_auth" time="0.319" /><testcase classname="backend.tests.test_phase4_features.TestP0FileDownloadAuth" name="test_preview_without_auth" time="1.104" /><testcase classname="backend.tests.test_phase4_features.TestP1DuplicateDetection" name="test_duplicate_detection_returns_409" time="2.503" /><testcase classname="backend.tests.test_phase4_features.TestP1DuplicateDetection" name="test_force_upload_duplicate" time="1.081" /><testcase classname="backend.tests.test_phase4_features.TestP1AnalysisQueue" name="test_queue_analysis_endpoint" time="2.723" /><testcase classname="backend.tests.test_phase4_features.TestP1AnalysisQueue" name="test_queue_status_endpoint" time="1.069" /><testcase classname="backend.tests.test_phase4_features.TestP1BatchDelete" name="test_delete_many_pieces" time="3.780" /><testcase classname="backend.tests.test_phase4_features.TestP0FilePreviewTypes" name="test_preview_returns_correct_content_type" time="2.182" /></testsuite></testsuites>