<?xml version="1.0" encoding="utf-8"?><testsuites name="pytest tests"><testsuite name="pytest" errors="0" failures="0" skipped="0" tests="16" time="14.007" timestamp="2026-04-13T20:16:10.554003+00:00" hostname="agent-env-193ef90b-7e47-4c50-92be-581da6b06adf"><testcase classname="backend.tests.test_gridfs_migration.TestGridFSMigration" name="test_01_health_shows_gridfs_backend" time="0.582" /><testcase classname="backend.tests.test_gridfs_migration.TestGridFSMigration" name="test_02_upload_file_to_gridfs" time="1.758" /><testcase classname="backend.tests.test_gridfs_migration.TestGridFSMigration" name="test_03_download_file_from_gridfs" time="0.443" /><testcase classname="backend.tests.test_gridfs_migration.TestGridFSMigration" name="test_04_preview_file_from_gridfs" time="0.450" /><testcase classname="backend.tests.test_gridfs_migration.TestGridFSMigration" name="test_05_create_share_link" time="0.414" /><testcase classname="backend.tests.test_gridfs_migration.TestGridFSMigration" name="test_06_shared_file_access_no_auth" time="0.441" /><testcase classname="backend.tests.test_gridfs_migration.TestGridFSMigration" name="test_07_shared_pdf_export" time="0.476" /><testcase classname="backend.tests.test_gridfs_migration.TestGridFSMigration" name="test_08_zip_export_includes_files" time="0.449" /><testcase classname="backend.tests.test_gridfs_migration.TestGridFSMigration" name="test_09_upload_file_for_deletion" time="0.580" /><testcase classname="backend.tests.test_gridfs_migration.TestGridFSMigration" name="test_10_delete_file_from_gridfs" time="0.879" /><testcase classname="backend.tests.test_gridfs_migration.TestGridFSMigration" name="test_11_upload_pdf_for_preview" time="1.011" /><testcase classname="backend.tests.test_gridfs_migration.TestGridFSMigration" name="test_12_cleanup_delete_dossier" time="0.965" /><testcase classname="backend.tests.test_gridfs_migration.TestGridFSEdgeCases" name="test_empty_file_rejected" time="1.597" /><testcase classname="backend.tests.test_gridfs_migration.TestGridFSEdgeCases" name="test_large_file_upload" time="2.601" /><testcase classname="backend.tests.test_gridfs_migration.TestGridFSEdgeCases" name="test_special_characters_filename" time="0.575" /><testcase classname="backend.tests.test_gridfs_migration.TestGridFSEdgeCases" name="test_cleanup_edge_dossier" time="0.601" /></testsuite></testsuites>