<?xml version="1.0" encoding="utf-8"?><testsuites name="pytest tests"><testsuite name="pytest" errors="0" failures="0" skipped="0" tests="22" time="2.553" timestamp="2026-04-23T09:25:31.148973+00:00" hostname="agent-env-193ef90b-7e47-4c50-92be-581da6b06adf"><testcase classname="backend.tests.test_file_missing_reupload.TestFileMissingAndReupload" name="test_01_health_shows_gridfs_backend" time="0.260" /><testcase classname="backend.tests.test_file_missing_reupload.TestFileMissingAndReupload" name="test_02_upload_file_missing_false" time="0.476" /><testcase classname="backend.tests.test_file_missing_reupload.TestFileMissingAndReupload" name="test_03_get_piece_file_missing_false" time="0.045" /><testcase classname="backend.tests.test_file_missing_reupload.TestFileMissingAndReupload" name="test_04_download_file_works" time="0.088" /><testcase classname="backend.tests.test_file_missing_reupload.TestFileMissingAndReupload" name="test_05_preview_file_works" time="0.056" /><testcase classname="backend.tests.test_file_missing_reupload.TestFileMissingAndReupload" name="test_06_delete_file_from_gridfs_directly" time="0.016" /><testcase classname="backend.tests.test_file_missing_reupload.TestFileMissingAndReupload" name="test_07_file_missing_true_after_deletion" time="0.043" /><testcase classname="backend.tests.test_file_missing_reupload.TestFileMissingAndReupload" name="test_08_get_piece_file_missing_true" time="0.050" /><testcase classname="backend.tests.test_file_missing_reupload.TestFileMissingAndReupload" name="test_09_download_returns_404_when_missing" time="0.042" /><testcase classname="backend.tests.test_file_missing_reupload.TestFileMissingAndReupload" name="test_10_preview_returns_404_when_missing" time="0.049" /><testcase classname="backend.tests.test_file_missing_reupload.TestFileMissingAndReupload" name="test_11_reupload_restores_file" time="0.052" /><testcase classname="backend.tests.test_file_missing_reupload.TestFileMissingAndReupload" name="test_12_download_works_after_reupload" time="0.048" /><testcase classname="backend.tests.test_file_missing_reupload.TestFileMissingAndReupload" name="test_13_preview_works_after_reupload" time="0.042" /><testcase classname="backend.tests.test_file_missing_reupload.TestFileMissingAndReupload" name="test_14_list_shows_file_missing_false_after_reupload" time="0.084" /><testcase classname="backend.tests.test_file_missing_reupload.TestFileMissingAndReupload" name="test_15_reupload_nonexistent_piece_returns_404" time="0.042" /><testcase classname="backend.tests.test_file_missing_reupload.TestFileMissingAndReupload" name="test_16_delete_piece" time="0.135" /><testcase classname="backend.tests.test_file_missing_reupload.TestFileMissingAndReupload" name="test_17_cleanup_delete_dossier" time="0.063" /><testcase classname="backend.tests.test_file_missing_reupload.TestSharedFileMissing" name="test_01_upload_and_create_share" time="0.569" /><testcase classname="backend.tests.test_file_missing_reupload.TestSharedFileMissing" name="test_02_shared_file_access_works" time="0.078" /><testcase classname="backend.tests.test_file_missing_reupload.TestSharedFileMissing" name="test_03_delete_file_from_gridfs" time="0.005" /><testcase classname="backend.tests.test_file_missing_reupload.TestSharedFileMissing" name="test_04_shared_file_returns_404_when_missing" time="0.039" /><testcase classname="backend.tests.test_file_missing_reupload.TestSharedFileMissing" name="test_05_cleanup" time="0.081" /></testsuite></testsuites>