<?xml version="1.0" encoding="utf-8"?><testsuites name="pytest tests"><testsuite name="pytest" errors="0" failures="0" skipped="0" tests="7" time="66.211" timestamp="2026-05-02T10:44:43.918633+00:00" hostname="agent-env-193ef90b-7e47-4c50-92be-581da6b06adf"><testcase classname="tests.test_smoke" name="test_health" time="0.004" /><testcase classname="tests.test_smoke" name="test_get_plans_returns_essentiel_and_pro" time="0.003" /><testcase classname="tests.test_smoke" name="test_register_and_login" time="0.459" /><testcase classname="tests.test_smoke" name="test_duplicate_registration_rejected" time="0.231" /><testcase classname="tests.test_smoke" name="test_plan_alias_essentiel_accepted" time="65.234" /><testcase classname="tests.test_smoke" name="test_admin_endpoint_requires_admin" time="0.234" /><testcase classname="tests.test_smoke" name="test_webhook_endpoint_reachable" time="0.002" /></testsuite></testsuites>