<?xml version="1.0" encoding="utf-8"?><testsuites name="pytest tests"><testsuite name="pytest" errors="0" failures="0" skipped="0" tests="7" time="1.904" timestamp="2026-05-02T09:36:28.041252+00:00" hostname="agent-env-193ef90b-7e47-4c50-92be-581da6b06adf"><testcase classname="backend.tests.test_alliefile_rebrand.TestPlans" name="test_get_plans_essentiel_pro" time="0.255" /><testcase classname="backend.tests.test_alliefile_rebrand.TestAuthRegister" name="test_register_returns_token_with_email_fire_and_forget" time="0.404" /><testcase classname="backend.tests.test_alliefile_rebrand.TestAuthRegister" name="test_login_after_register" time="0.266" /><testcase classname="backend.tests.test_alliefile_rebrand.TestPromoAliases" name="test_validate_promo_essentiel_alias_invalid_code" time="0.175" /><testcase classname="backend.tests.test_alliefile_rebrand.TestPromoAliases" name="test_validate_promo_standard_internal_invalid_code" time="0.040" /><testcase classname="backend.tests.test_alliefile_rebrand.TestPromoAliases" name="test_validate_promo_pro_alias_invalid_code" time="0.043" /><testcase classname="backend.tests.test_alliefile_rebrand.TestCheckoutAlias" name="test_checkout_essentiel_alias_not_plan_invalide" time="0.665" /></testsuite></testsuites>